action: GLOB, msg: packaging
cwd: C:\Users\Patarimi\PycharmProjects\PassiveAutoDesign
cmd: 'C:\Users\Patarimi\PycharmProjects\PassiveAutoDesign\venv\Scripts\python.exe' setup.py sdist --formats=zip --dist-dir '.tox\dist'
running sdist
running egg_info
writing passive_auto_design.egg-info\PKG-INFO
writing dependency_links to passive_auto_design.egg-info\dependency_links.txt
writing requirements to passive_auto_design.egg-info\requires.txt
writing top-level names to passive_auto_design.egg-info\top_level.txt
adding license file 'LICENSE'
writing manifest file 'passive_auto_design.egg-info\SOURCES.txt'
warning: sdist: standard file not found: should have one of README, README.rst, README.txt, README.md

running check
creating passive-auto-design-0.1.12
creating passive-auto-design-0.1.12\.github
creating passive-auto-design-0.1.12\.github\workflows
creating passive-auto-design-0.1.12\.streamlit
creating passive-auto-design-0.1.12\apps
creating passive-auto-design-0.1.12\apps\pages
creating passive-auto-design-0.1.12\docs
creating passive-auto-design-0.1.12\passive_auto_design
creating passive-auto-design-0.1.12\passive_auto_design.egg-info
creating passive-auto-design-0.1.12\passive_auto_design\components
creating passive-auto-design-0.1.12\passive_auto_design\devices
creating passive-auto-design-0.1.12\passive_auto_design\system
creating passive-auto-design-0.1.12\passive_auto_design\units
creating passive-auto-design-0.1.12\script
creating passive-auto-design-0.1.12\tests
creating passive-auto-design-0.1.12\tests\test_systems
creating passive-auto-design-0.1.12\tests\test_units
copying files to passive-auto-design-0.1.12...
copying .gitignore -> passive-auto-design-0.1.12
copying CHANGELOG.md -> passive-auto-design-0.1.12
copying LICENSE -> passive-auto-design-0.1.12
copying appveyor.yml -> passive-auto-design-0.1.12
copying mkdocs.yml -> passive-auto-design-0.1.12
copying poetry.lock -> passive-auto-design-0.1.12
copying pyproject.toml -> passive-auto-design-0.1.12
copying requirements.txt -> passive-auto-design-0.1.12
copying runtime.txt -> passive-auto-design-0.1.12
copying setup.py -> passive-auto-design-0.1.12
copying tox.ini -> passive-auto-design-0.1.12
copying .github\dependabot.yml -> passive-auto-design-0.1.12\.github
copying .github\workflows\codeql.yml -> passive-auto-design-0.1.12\.github\workflows
copying .github\workflows\python-test.yml -> passive-auto-design-0.1.12\.github\workflows
copying .streamlit\config.toml -> passive-auto-design-0.1.12\.streamlit
copying apps\home.py -> passive-auto-design-0.1.12\apps
copying apps\requirements.txt -> passive-auto-design-0.1.12\apps
copying apps\pages\coupleur_data.csv -> passive-auto-design-0.1.12\apps\pages
copying apps\pages\example_balun_sizing.py -> passive-auto-design-0.1.12\apps\pages
copying apps\pages\example_coupler_sizing.py -> passive-auto-design-0.1.12\apps\pages
copying apps\pages\example_space_mapping.py -> passive-auto-design-0.1.12\apps\pages
copying apps\pages\example_taper_sizing.py -> passive-auto-design-0.1.12\apps\pages
copying apps\pages\example_waveguide_sizing.py -> passive-auto-design-0.1.12\apps\pages
copying apps\pages\generate_substrate.py -> passive-auto-design-0.1.12\apps\pages
copying apps\pages\tech.yml -> passive-auto-design-0.1.12\apps\pages
copying docs\README.md -> passive-auto-design-0.1.12\docs
copying docs\gen_ref_pages.py -> passive-auto-design-0.1.12\docs
copying passive_auto_design\__init__.py -> passive-auto-design-0.1.12\passive_auto_design
copying passive_auto_design\space_mapping.py -> passive-auto-design-0.1.12\passive_auto_design
copying passive_auto_design\special.py -> passive-auto-design-0.1.12\passive_auto_design
copying passive_auto_design\substrate.py -> passive-auto-design-0.1.12\passive_auto_design
copying passive_auto_design.egg-info\PKG-INFO -> passive-auto-design-0.1.12\passive_auto_design.egg-info
copying passive_auto_design.egg-info\SOURCES.txt -> passive-auto-design-0.1.12\passive_auto_design.egg-info
copying passive_auto_design.egg-info\dependency_links.txt -> passive-auto-design-0.1.12\passive_auto_design.egg-info
copying passive_auto_design.egg-info\requires.txt -> passive-auto-design-0.1.12\passive_auto_design.egg-info
copying passive_auto_design.egg-info\top_level.txt -> passive-auto-design-0.1.12\passive_auto_design.egg-info
copying passive_auto_design\components\__init__.py -> passive-auto-design-0.1.12\passive_auto_design\components
copying passive_auto_design\components\lumped_element.py -> passive-auto-design-0.1.12\passive_auto_design\components
copying passive_auto_design\components\transformer.py -> passive-auto-design-0.1.12\passive_auto_design\components
copying passive_auto_design\components\waveguide.py -> passive-auto-design-0.1.12\passive_auto_design\components
copying passive_auto_design\devices\__init__.py -> passive-auto-design-0.1.12\passive_auto_design\devices
copying passive_auto_design\devices\balun.py -> passive-auto-design-0.1.12\passive_auto_design\devices
copying passive_auto_design\devices\coupler.py -> passive-auto-design-0.1.12\passive_auto_design\devices
copying passive_auto_design\devices\taper.py -> passive-auto-design-0.1.12\passive_auto_design\devices
copying passive_auto_design\system\__init__.py -> passive-auto-design-0.1.12\passive_auto_design\system
copying passive_auto_design\system\rf_line_up.py -> passive-auto-design-0.1.12\passive_auto_design\system
copying passive_auto_design\units\__init__.py -> passive-auto-design-0.1.12\passive_auto_design\units
copying passive_auto_design\units\constants.py -> passive-auto-design-0.1.12\passive_auto_design\units
copying passive_auto_design\units\converters.py -> passive-auto-design-0.1.12\passive_auto_design\units
copying passive_auto_design\units\noise.py -> passive-auto-design-0.1.12\passive_auto_design\units
copying passive_auto_design\units\physical_dimension.py -> passive-auto-design-0.1.12\passive_auto_design\units
copying passive_auto_design\units\time.py -> passive-auto-design-0.1.12\passive_auto_design\units
copying passive_auto_design\units\unit.py -> passive-auto-design-0.1.12\passive_auto_design\units
copying script\build_doc -> passive-auto-design-0.1.12\script
copying script\build_package -> passive-auto-design-0.1.12\script
copying tests\coupleur_data.csv -> passive-auto-design-0.1.12\tests
copying tests\default.map -> passive-auto-design-0.1.12\tests
copying tests\passive_component_tech.yml -> passive-auto-design-0.1.12\tests
copying tests\tech.yml -> passive-auto-design-0.1.12\tests
copying tests\test_lumped_element.py -> passive-auto-design-0.1.12\tests
copying tests\test_passive_component.py -> passive-auto-design-0.1.12\tests
copying tests\test_space_mapping.py -> passive-auto-design-0.1.12\tests
copying tests\test_special.py -> passive-auto-design-0.1.12\tests
copying tests\test_substrate.py -> passive-auto-design-0.1.12\tests
copying tests\test_transformer.py -> passive-auto-design-0.1.12\tests
copying tests\test_waveguide.py -> passive-auto-design-0.1.12\tests
copying tests\test_systems\test_rf_lineup.py -> passive-auto-design-0.1.12\tests\test_systems
copying tests\test_units\test_converters.py -> passive-auto-design-0.1.12\tests\test_units
copying tests\test_units\test_noise.py -> passive-auto-design-0.1.12\tests\test_units
copying tests\test_units\test_physical_dimension.py -> passive-auto-design-0.1.12\tests\test_units
copying tests\test_units\test_time.py -> passive-auto-design-0.1.12\tests\test_units
copying tests\test_units\test_unit.py -> passive-auto-design-0.1.12\tests\test_units
Writing passive-auto-design-0.1.12\setup.cfg
creating '.tox\dist\passive-auto-design-0.1.12.zip' and adding 'passive-auto-design-0.1.12' to it
adding 'passive-auto-design-0.1.12'
adding 'passive-auto-design-0.1.12\.github'
adding 'passive-auto-design-0.1.12\.streamlit'
adding 'passive-auto-design-0.1.12\apps'
adding 'passive-auto-design-0.1.12\docs'
adding 'passive-auto-design-0.1.12\passive_auto_design'
adding 'passive-auto-design-0.1.12\passive_auto_design.egg-info'
adding 'passive-auto-design-0.1.12\script'
adding 'passive-auto-design-0.1.12\tests'
adding 'passive-auto-design-0.1.12\.gitignore'
adding 'passive-auto-design-0.1.12\appveyor.yml'
adding 'passive-auto-design-0.1.12\CHANGELOG.md'
adding 'passive-auto-design-0.1.12\LICENSE'
adding 'passive-auto-design-0.1.12\mkdocs.yml'
adding 'passive-auto-design-0.1.12\PKG-INFO'
adding 'passive-auto-design-0.1.12\poetry.lock'
adding 'passive-auto-design-0.1.12\pyproject.toml'
adding 'passive-auto-design-0.1.12\requirements.txt'
adding 'passive-auto-design-0.1.12\runtime.txt'
adding 'passive-auto-design-0.1.12\setup.cfg'
adding 'passive-auto-design-0.1.12\setup.py'
adding 'passive-auto-design-0.1.12\tox.ini'
adding 'passive-auto-design-0.1.12\.github\workflows'
adding 'passive-auto-design-0.1.12\.github\dependabot.yml'
adding 'passive-auto-design-0.1.12\.github\workflows\codeql.yml'
adding 'passive-auto-design-0.1.12\.github\workflows\python-test.yml'
adding 'passive-auto-design-0.1.12\.streamlit\config.toml'
adding 'passive-auto-design-0.1.12\apps\pages'
adding 'passive-auto-design-0.1.12\apps\home.py'
adding 'passive-auto-design-0.1.12\apps\requirements.txt'
adding 'passive-auto-design-0.1.12\apps\pages\coupleur_data.csv'
adding 'passive-auto-design-0.1.12\apps\pages\example_balun_sizing.py'
adding 'passive-auto-design-0.1.12\apps\pages\example_coupler_sizing.py'
adding 'passive-auto-design-0.1.12\apps\pages\example_space_mapping.py'
adding 'passive-auto-design-0.1.12\apps\pages\example_taper_sizing.py'
adding 'passive-auto-design-0.1.12\apps\pages\example_waveguide_sizing.py'
adding 'passive-auto-design-0.1.12\apps\pages\generate_substrate.py'
adding 'passive-auto-design-0.1.12\apps\pages\tech.yml'
adding 'passive-auto-design-0.1.12\docs\gen_ref_pages.py'
adding 'passive-auto-design-0.1.12\docs\README.md'
adding 'passive-auto-design-0.1.12\passive_auto_design\components'
adding 'passive-auto-design-0.1.12\passive_auto_design\devices'
adding 'passive-auto-design-0.1.12\passive_auto_design\system'
adding 'passive-auto-design-0.1.12\passive_auto_design\units'
adding 'passive-auto-design-0.1.12\passive_auto_design\space_mapping.py'
adding 'passive-auto-design-0.1.12\passive_auto_design\special.py'
adding 'passive-auto-design-0.1.12\passive_auto_design\substrate.py'
adding 'passive-auto-design-0.1.12\passive_auto_design\__init__.py'
adding 'passive-auto-design-0.1.12\passive_auto_design\components\lumped_element.py'
adding 'passive-auto-design-0.1.12\passive_auto_design\components\transformer.py'
adding 'passive-auto-design-0.1.12\passive_auto_design\components\waveguide.py'
adding 'passive-auto-design-0.1.12\passive_auto_design\components\__init__.py'
adding 'passive-auto-design-0.1.12\passive_auto_design\devices\balun.py'
adding 'passive-auto-design-0.1.12\passive_auto_design\devices\coupler.py'
adding 'passive-auto-design-0.1.12\passive_auto_design\devices\taper.py'
adding 'passive-auto-design-0.1.12\passive_auto_design\devices\__init__.py'
adding 'passive-auto-design-0.1.12\passive_auto_design\system\rf_line_up.py'
adding 'passive-auto-design-0.1.12\passive_auto_design\system\__init__.py'
adding 'passive-auto-design-0.1.12\passive_auto_design\units\constants.py'
adding 'passive-auto-design-0.1.12\passive_auto_design\units\converters.py'
adding 'passive-auto-design-0.1.12\passive_auto_design\units\noise.py'
adding 'passive-auto-design-0.1.12\passive_auto_design\units\physical_dimension.py'
adding 'passive-auto-design-0.1.12\passive_auto_design\units\time.py'
adding 'passive-auto-design-0.1.12\passive_auto_design\units\unit.py'
adding 'passive-auto-design-0.1.12\passive_auto_design\units\__init__.py'
adding 'passive-auto-design-0.1.12\passive_auto_design.egg-info\dependency_links.txt'
adding 'passive-auto-design-0.1.12\passive_auto_design.egg-info\PKG-INFO'
adding 'passive-auto-design-0.1.12\passive_auto_design.egg-info\requires.txt'
adding 'passive-auto-design-0.1.12\passive_auto_design.egg-info\SOURCES.txt'
adding 'passive-auto-design-0.1.12\passive_auto_design.egg-info\top_level.txt'
adding 'passive-auto-design-0.1.12\script\build_doc'
adding 'passive-auto-design-0.1.12\script\build_package'
adding 'passive-auto-design-0.1.12\tests\test_systems'
adding 'passive-auto-design-0.1.12\tests\test_units'
adding 'passive-auto-design-0.1.12\tests\coupleur_data.csv'
adding 'passive-auto-design-0.1.12\tests\default.map'
adding 'passive-auto-design-0.1.12\tests\passive_component_tech.yml'
adding 'passive-auto-design-0.1.12\tests\tech.yml'
adding 'passive-auto-design-0.1.12\tests\test_lumped_element.py'
adding 'passive-auto-design-0.1.12\tests\test_passive_component.py'
adding 'passive-auto-design-0.1.12\tests\test_space_mapping.py'
adding 'passive-auto-design-0.1.12\tests\test_special.py'
adding 'passive-auto-design-0.1.12\tests\test_substrate.py'
adding 'passive-auto-design-0.1.12\tests\test_transformer.py'
adding 'passive-auto-design-0.1.12\tests\test_waveguide.py'
adding 'passive-auto-design-0.1.12\tests\test_systems\test_rf_lineup.py'
adding 'passive-auto-design-0.1.12\tests\test_units\test_converters.py'
adding 'passive-auto-design-0.1.12\tests\test_units\test_noise.py'
adding 'passive-auto-design-0.1.12\tests\test_units\test_physical_dimension.py'
adding 'passive-auto-design-0.1.12\tests\test_units\test_time.py'
adding 'passive-auto-design-0.1.12\tests\test_units\test_unit.py'
removing 'passive-auto-design-0.1.12' (and everything under it)
